<?xml version="1.0" encoding="UTF-8"?>
<!-- Generated by org.testng.reporters.JUnitReportReporter -->
<testsuite skipped="0" hostname="LM0001767" name="com.jioMart.testCases.demo" tests="1" failures="0" timestamp="2022-10-10T17:14:30 IST" time="7.152" errors="0">
  <testcase name="demo2" time="7.152" classname="com.jioMart.testCases.demo"/>
  <system-out/>
</testsuite> <!-- com.jioMart.testCases.demo -->
