<?xml version="1.0" encoding="UTF-8"?>
<!-- Generated by org.testng.reporters.JUnitReportReporter -->
<testsuite skipped="0" hostname="LM0001767" name="com.jioMart.testCases.TC_001_Login" tests="5" failures="0" timestamp="2022-12-09T19:47:59 IST" time="27.683" errors="0">
  <testcase name="LoginDDT" time="5.797" classname="com.jioMart.testCases.TC_001_Login"/>
  <system-out/>
  <testcase name="LoginDDT" time="4.474" classname="com.jioMart.testCases.TC_001_Login"/>
  <system-out/>
  <testcase name="LoginDDT" time="5.845" classname="com.jioMart.testCases.TC_001_Login"/>
  <system-out/>
  <testcase name="LoginDDT" time="5.793" classname="com.jioMart.testCases.TC_001_Login"/>
  <system-out/>
  <testcase name="LoginDDT" time="5.774" classname="com.jioMart.testCases.TC_001_Login"/>
  <system-out/>
</testsuite> <!-- com.jioMart.testCases.TC_001_Login -->
